# JRE version: OpenJDK Runtime Environment Corretto-11.0.8.10.1 (11.0.8+10) (build 11.0.8+10-LTS)
# Java VM: OpenJDK 64-Bit Server VM Corretto-11.0.8.10.1 (11.0.8+10-LTS, mixed mode, tiered, compressed oops, g1 gc, windows-amd64)
Heap:
 garbage-first heap   total 65536K, used 24242K [0x00000000c1a00000, 0x0000000100000000)
  region size 1024K, 20 young (20480K), 4 survivors (4096K)
 Metaspace       used 30105K, capacity 31001K, committed 31232K, reserved 1077248K
  class space    used 3420K, capacity 3736K, committed 3840K, reserved 1048576K
GC Heap History (10 events):
Event: 1.911 GC heap before
{Heap before GC invocations=0 (full 0):
 garbage-first heap   total 65536K, used 13312K [0x00000000c1a00000, 0x0000000100000000)
  region size 1024K, 14 young (14336K), 0 survivors (0K)
 Metaspace       used 12425K, capacity 12643K, committed 12800K, reserved 1060864K
  class space    used 1207K, capacity 1257K, committed 1280K, reserved 1048576K
}
Event: 1.919 GC heap after
{Heap after GC invocations=1 (full 0):
 garbage-first heap   total 65536K, used 3649K [0x00000000c1a00000, 0x0000000100000000)
  region size 1024K, 2 young (2048K), 2 survivors (2048K)
 Metaspace       used 12425K, capacity 12643K, committed 12800K, reserved 1060864K
  class space    used 1207K, capacity 1257K, committed 1280K, reserved 1048576K
}
Event: 2.145 GC heap before
{Heap before GC invocations=1 (full 0):
 garbage-first heap   total 65536K, used 9793K [0x00000000c1a00000, 0x0000000100000000)
  region size 1024K, 8 young (8192K), 2 survivors (2048K)
 Metaspace       used 14060K, capacity 14331K, committed 14592K, reserved 1062912K
  class space    used 1397K, capacity 1479K, committed 1536K, reserved 1048576K
}
Event: 2.149 GC heap after
{Heap after GC invocations=2 (full 0):
 garbage-first heap   total 65536K, used 4184K [0x00000000c1a00000, 0x0000000100000000)
  region size 1024K, 1 young (1024K), 1 survivors (1024K)
 Metaspace       used 14060K, capacity 14331K, committed 14592K, reserved 1062912K
  class space    used 1397K, capacity 1479K, committed 1536K, reserved 1048576K
}
Event: 2.767 GC heap before
{Heap before GC invocations=2 (full 0):
 garbage-first heap   total 65536K, used 27736K [0x00000000c1a00000, 0x0000000100000000)
  region size 1024K, 24 young (24576K), 1 survivors (1024K)
 Metaspace       used 18100K, capacity 18494K, committed 18560K, reserved 1064960K
  class space    used 1947K, capacity 2148K, committed 2176K, reserved 1048576K
}
Event: 2.774 GC heap after
{Heap after GC invocations=3 (full 0):
 garbage-first heap   total 65536K, used 5355K [0x00000000c1a00000, 0x0000000100000000)
  region size 1024K, 2 young (2048K), 2 survivors (2048K)
 Metaspace       used 18100K, capacity 18494K, committed 18560K, reserved 1064960K
  class space    used 1947K, capacity 2148K, committed 2176K, reserved 1048576K
}
Event: 3.050 GC heap before
{Heap before GC invocations=3 (full 0):
 garbage-first heap   total 65536K, used 9451K [0x00000000c1a00000, 0x0000000100000000)
  region size 1024K, 7 young (7168K), 2 survivors (2048K)
 Metaspace       used 20652K, capacity 21106K, committed 21248K, reserved 1069056K
  class space    used 2236K, capacity 2438K, committed 2560K, reserved 1048576K
}
Event: 3.055 GC heap after
{Heap after GC invocations=4 (full 0):
 garbage-first heap   total 65536K, used 5979K [0x00000000c1a00000, 0x0000000100000000)
  region size 1024K, 3 young (3072K), 3 survivors (3072K)
 Metaspace       used 20652K, capacity 21106K, committed 21248K, reserved 1069056K
  class space    used 2236K, capacity 2438K, committed 2560K, reserved 1048576K
}
Event: 6.227 GC heap before
{Heap before GC invocations=5 (full 0):
 garbage-first heap   total 65536K, used 33627K [0x00000000c1a00000, 0x0000000100000000)
  region size 1024K, 30 young (30720K), 3 survivors (3072K)
 Metaspace       used 27644K, capacity 28424K, committed 28544K, reserved 1075200K
  class space    used 3144K, capacity 3432K, committed 3456K, reserved 1048576K
}
Event: 6.238 GC heap after
{Heap after GC invocations=6 (full 0):
 garbage-first heap   total 65536K, used 8882K [0x00000000c1a00000, 0x0000000100000000)
  region size 1024K, 4 young (4096K), 4 survivors (4096K)
 Metaspace       used 27644K, capacity 28424K, committed 28544K, reserved 1075200K
  class space    used 3144K, capacity 3432K, committed 3456K, reserved 1048576K
}

